<?xml version="1.0" encoding="UTF-8"?>
<!-- Generated by org.testng.reporters.JUnitReportReporter -->
<testsuite skipped="1" hostname="DESKTOP-8JU6N8O" name="testing.sample.Testrunnerclass" tests="1" failures="0" timestamp="20 Jan 2022 16:17:20 GMT" time="0.154" errors="0">
  <testcase name="runScenario" time="0.154" classname="testing.sample.Testrunnerclass">
    <skipped/>
  </testcase> <!-- runScenario -->
</testsuite> <!-- testing.sample.Testrunnerclass -->
